<?xml version="1.0" encoding="UTF-8"?>
<!-- Generated by org.testng.reporters.JUnitXMLReporter -->
<testsuite ignored="1" hostname="user-PC" failures="0" tests="2" name="Default test(failed)" time="0.104" errors="0" timestamp="2019-09-10T21:07:13 BST">
  <testcase classname="FailedTestsRerunTechnique.TestNGRetryFailedDemo" name="test2" time="0.022"/>
  <testcase classname="FailedTestsRerunTechnique.TestNGRetryFailedDemo" name="test3" time="0.003"/>
  <testcase classname="FailedTestsRerunTechnique.TestNGRetryFailedDemo" name="test1" time="0.0">
    <ignored/>
  </testcase> <!-- test1 -->
</testsuite> <!-- Default test(failed) -->
