<?xml version="1.0" encoding="UTF-8"?>
<!-- Generated by org.testng.reporters.JUnitXMLReporter -->
<testsuite ignored="0" hostname="user-PC" failures="0" tests="3" name="TestOnFirefox" time="67.41" errors="0" timestamp="2019-09-09T22:47:49 BST">
  <testcase classname="Multi_Browser.TestNGMultiBrowserDemo" name="test1" time="5.551"/>
  <testcase classname="Multi_Browser.TestNGMultiBrowserDemo" name="test1" time="6.921"/>
  <testcase classname="Multi_Browser.TestNGMultiBrowserDemo" name="test1" time="0.0">
    <skipped/>
  </testcase> <!-- test1 -->
</testsuite> <!-- TestOnFirefox -->
